Lumerical 2019b FDTD Solver Version 8.22.2088 (Windows 64bit)
 expires (month/day/year): 12/31/2025
using config file: C:/Users/a/AppData/Roaming/Lumerical/License.ini
license host: localhost
current time: Wed Nov 10 15:54:42 2021
Running on host: LAPTOP-UDAKIU2M
All processes are communicating and ready to proceed to simulation...
Running fsp file: E:\FDTD\bin\fdtd-engine-msmpi.exe -t 8 -remote E:/githubcode/FDTDNN/FDTDdata/thin.fsp
number of processors is 1
processors are distributed as: 1x1x1
Running 3D Simulation
Starting meshing
Simulation size in gridpoints: 24 x 159 x 183
Refined 0 mesh cells (0%)
Completed meshing!
Meshing complete in 1.82813 seconds of CPU time
208 208
Starting meshing
Simulation size in gridpoints: 24 x 159 x 183
Refined 0 mesh cells (0%)
Completed meshing!
Meshing complete in 1.59375 seconds of CPU time
208 208
Starting meshing
Simulation size in gridpoints: 24 x 159 x 183
Refined 0 mesh cells (0%)
Completed meshing!
Meshing complete in 1.60938 seconds of CPU time
208 208
finished material properties
Meshing Time: 0.8292 seconds, Init Electrical Material Time: 0.0576428 seconds, Init Magnetic Material Time: 0.0028741
Using selected optimization level: 2
Selecting 3d kernel for splitFieldDirection=0 and optLevel=2
-----------------------------------------
Beginning initialization of 3D Simulation
Starting to add sources to simulation
Adding 3D Gaussian source propagating in Z
Starting to add boundary conditions to simulation
Adding 3D Periodic BC
Adding 3D Periodic BC
Adding 3D Periodic BC
Adding 3D Periodic BC
Adding 3D PML BC
Adding 3D PML BC
Starting to add monitors to Simulation
Adding analysis monitor
Adding 3D DFT monitor
Finished initialization of 3D Simulation
-----------------------------------------
All processes are communicating and ready to proceed to simulation...
Starting 3622141 total iterations
0.00132518% complete. Max time remaining: 11 hrs, 42 mins, 54 secs. Auto Shutoff: 1
100% complete. Max time remaining: 0 mins, 0 secs. Auto Shutoff: 8.83591e-006
Early termination of simulation, the autoshutoff criteria are satisfied.
Completed 7007 iterations, or 1.934491e-013s of Simulation Time
Process 0 starting to collect data
    collecting monitor data
    collecting source data
Finished collecting data
Simulation completed successfully at: Wed Nov 10 15:56:11 2021
Overall wall time measurements in seconds: 89.7659
    time to mesh and initialize: 1.41395
    time to run FDTD simulation: 86.886
    time to finalize data and save to files: 0.420571
    miscellaneous time: 1.0454
    FDTD solver speed on process 0: 56.3173 Mnodes/s
    total FDTD solver speed on 1 processes: 56.3173 Mnodes/s
